<?xml version="1.0" encoding="UTF-8" ?>
<testsuite tests="27" failures="0" name="clientTest.JedalenClientTest" time="0.408" errors="0" skipped="0">
  <properties>
[...]
</properties>
  <testcase classname="clientTest.JedalenClientTest" name="UT010_pon_pocet" time="0.152"/>
  <testcase classname="clientTest.JedalenClientTest" name="UT011_pon_pocet" time="0"/>
  <testcase classname="clientTest.JedalenClientTest" name="UT012_ut_pocet" time="0.015"/>
  <testcase classname="clientTest.JedalenClientTest" name="UT020_XXX_pocet_1b" time="0.013"/>
  <testcase classname="clientTest.JedalenClientTest" name="UT030_pon_menu" time="0.064"/>
  <testcase classname="clientTest.JedalenClientTest" name="UT031_pon_menu" time="0"/>
  <testcase classname="clientTest.JedalenClientTest" name="UT032_pon_menu" time="0"/>
  <testcase classname="clientTest.JedalenClientTest" name="UT033_pon_menu" time="0.001"/>
  <testcase classname="clientTest.JedalenClientTest" name="UT040_ut_menu" time="0.015"/>
  <testcase classname="clientTest.JedalenClientTest" name="UT041_ut_menu" time="0"/>
  <testcase classname="clientTest.JedalenClientTest" name="UT050_pon_jedlo1" time="0.017"/>
  <testcase classname="clientTest.JedalenClientTest" name="UT051_pon_jedlo1" time="0"/>
  <testcase classname="clientTest.JedalenClientTest" name="UT052_pon_jedlo1" time="0"/>
  <testcase classname="clientTest.JedalenClientTest" name="UT060_pon_jedlo99" time="0.012"/>
  <testcase classname="clientTest.JedalenClientTest" name="UT070_pon_post" time="0.013"/>
  <testcase classname="clientTest.JedalenClientTest" name="UT080_pon_jedlo2" time="0.01"/>
  <testcase classname="clientTest.JedalenClientTest" name="UT090_pon_post_palacinky_znovu" time="0.011"/>
  <testcase classname="clientTest.JedalenClientTest" name="UT100_ut_post_halusky" time="0.009"/>
  <testcase classname="clientTest.JedalenClientTest" name="UT110_ut_jedlo1" time="0.009"/>
  <testcase classname="clientTest.JedalenClientTest" name="UT111_ut_jedlo1" time="0"/>
  <testcase classname="clientTest.JedalenClientTest" name="UT120_ut_post_palacinky" time="0.009"/>
  <testcase classname="clientTest.JedalenClientTest" name="UT201_find_gulas" time="0.009"/>
  <testcase classname="clientTest.JedalenClientTest" name="UT202_find_Palacinky" time="0.013"/>
  <testcase classname="clientTest.JedalenClientTest" name="UT203_find_Nic" time="0.008"/>
  <testcase classname="clientTest.JedalenClientTest" name="UT300_str_post" time="0.013"/>
  <testcase classname="clientTest.JedalenClientTest" name="UT310_str_delete" time="0.008"/>
  <testcase classname="clientTest.JedalenClientTest" name="UT320_str_jedlo1" time="0.007"/>
</testsuite>